Using pre-set license
Built from '2020.2/release' branch; Version is '2020.2.2f1 (068178b99f32) revision 426360'; Using compiler version '192528614'; Build Type 'Release'
OS: 'Windows 10 Enterprise; OS build 19042.1110; Version 2009; 64bit' Language: 'en' Physical Memory: 16318 MB
BatchMode: 1, IsHumanControllingUs: 0, StartBugReporterOnCrash: 0, Is64bit: 1, IsPro: 0

 COMMAND LINE ARGUMENTS:
D:\games\unity\2020.2.2f1\Editor\Unity.exe
-adb2
-batchMode
-noUpm
-name
AssetImportWorker0
-projectPath
D:/github/Asteroids
-logFile
Logs/AssetImportWorker0.log
-srvPort
56826
Successfully changed project path to: D:/github/Asteroids
D:/github/Asteroids
Using Asset Import Pipeline V2.
Refreshing native plugins compatible for Editor in 27.01 ms, found 1 plugins.
Preloading 0 native plugins for Editor in 0.00 ms.
Initialize engine version: 2020.2.2f1 (068178b99f32)
[Subsystems] Discovering subsystems at path D:/games/unity/2020.2.2f1/Editor/Data/Resources/UnitySubsystems
[Subsystems] Discovering subsystems at path D:/github/Asteroids/Assets
GfxDevice: creating device client; threaded=0
Direct3D:
    Version:  Direct3D 11.0 [level 11.1]
    Renderer: NVIDIA GeForce RTX 2070 (ID=0x1f02)
    Vendor:   
    VRAM:     8031 MB
    Driver:   27.21.14.5671
Initialize mono
Mono path[0] = 'D:/games/unity/2020.2.2f1/Editor/Data/Managed'
Mono path[1] = 'D:/games/unity/2020.2.2f1/Editor/Data/MonoBleedingEdge/lib/mono/unityjit'
Mono config path = 'D:/games/unity/2020.2.2f1/Editor/Data/MonoBleedingEdge/etc'
Using monoOptions --debugger-agent=transport=dt_socket,embedding=1,server=y,suspend=n,address=127.0.0.1:56004
Begin MonoManager ReloadAssembly
Registering precompiled unity dll's ...
Register platform support module: D:/games/unity/2020.2.2f1/Editor/Data/PlaybackEngines/WindowsStandaloneSupport/UnityEditor.WindowsStandalone.Extensions.dll
Registered in 0.000680 seconds.
Native extension for WindowsStandalone target not found
Refreshing native plugins compatible for Editor in 27.11 ms, found 1 plugins.
Preloading 0 native plugins for Editor in 0.00 ms.
Invoked RoslynAnalysisRunner static constructor.
RoslynAnalysisRunner will not be running.
RoslynAnalysisRunner has terminated.
Mono: successfully reloaded assembly
- Completed reload, in  1.011 seconds
Platform modules already initialized, skipping
Registering precompiled user dll's ...
Registered in 0.000523 seconds.
Begin MonoManager ReloadAssembly
Native extension for WindowsStandalone target not found
Refreshing native plugins compatible for Editor in 28.94 ms, found 1 plugins.
Preloading 0 native plugins for Editor in 0.00 ms.
Invoked RoslynAnalysisRunner static constructor.
RoslynAnalysisRunner will not be running.
RoslynAnalysisRunner has terminated.
Mono: successfully reloaded assembly
- Completed reload, in  0.679 seconds
Platform modules already initialized, skipping
========================================================================
Worker process is ready to serve import requests
Launched and connected shader compiler UnityShaderCompiler.exe after 0.04 seconds
Refreshing native plugins compatible for Editor in 0.28 ms, found 1 plugins.
Preloading 0 native plugins for Editor in 0.00 ms.
Unloading 1797 Unused Serialized files (Serialized files now loaded: 0)
System memory in use before: 84.4 MB.
System memory in use after: 84.4 MB.

Unloading 24 unused Assets to reduce memory usage. Loaded Objects now: 2240.
Total: 1.722700 ms (FindLiveObjects: 0.210300 ms CreateObjectMapping: 0.060900 ms MarkObjects: 1.351300 ms  DeleteObjects: 0.099500 ms)

========================================================================
Received Import Request.
  path: Assets/Tests/testsuite.cs
  artifactKey: Guid(65b96f724fe58e74ba7db80bdd03ba7a) Importer(815301076,1909f56bfc062723c751e8b465ee728b)
Start importing Assets/Tests/testsuite.cs using Guid(65b96f724fe58e74ba7db80bdd03ba7a) Importer(815301076,1909f56bfc062723c751e8b465ee728b)  -> (artifact id: '16a3fe73d5701145ed78f4aba56aa4a0') in 0.034778 seconds
  Import took 0.057169 seconds .

========================================================================
Received Import Request.
  Time since last request: 147.501219 seconds.
  path: Assets/Scripts/Spawner.cs
  artifactKey: Guid(27a95bb678a8cc24683f2d825b5e29a4) Importer(815301076,1909f56bfc062723c751e8b465ee728b)
Start importing Assets/Scripts/Spawner.cs using Guid(27a95bb678a8cc24683f2d825b5e29a4) Importer(815301076,1909f56bfc062723c751e8b465ee728b)  -> (artifact id: 'e8fd27935ad9eff94f83dde9fa8edab7') in 0.009015 seconds
  Import took 0.034547 seconds .

========================================================================
Received Import Request.
  Time since last request: 0.002406 seconds.
  path: Assets/Scripts/Spawner.cs
  artifactKey: Guid(27a95bb678a8cc24683f2d825b5e29a4) Importer(815301076,1909f56bfc062723c751e8b465ee728b)
Start importing Assets/Scripts/Spawner.cs using Guid(27a95bb678a8cc24683f2d825b5e29a4) Importer(815301076,1909f56bfc062723c751e8b465ee728b)  -> (artifact id: 'e8fd27935ad9eff94f83dde9fa8edab7') in 0.001441 seconds
  Import took 0.003544 seconds .

========================================================================
Received Prepare
Registering precompiled user dll's ...
Registered in 0.000648 seconds.
Begin MonoManager ReloadAssembly
Native extension for WindowsStandalone target not found
Refreshing native plugins compatible for Editor in 0.29 ms, found 1 plugins.
Preloading 0 native plugins for Editor in 0.00 ms.
Invoked RoslynAnalysisRunner static constructor.
RoslynAnalysisRunner will not be running.
RoslynAnalysisRunner has terminated.
Mono: successfully reloaded assembly
- Completed reload, in  0.625 seconds
Platform modules already initialized, skipping
Refreshing native plugins compatible for Editor in 0.28 ms, found 1 plugins.
Preloading 0 native plugins for Editor in 0.00 ms.
Unloading 1792 Unused Serialized files (Serialized files now loaded: 0)
System memory in use before: 84.5 MB.
System memory in use after: 84.5 MB.

Unloading 12 unused Assets to reduce memory usage. Loaded Objects now: 2243.
Total: 1.614500 ms (FindLiveObjects: 0.169500 ms CreateObjectMapping: 0.096900 ms MarkObjects: 1.261400 ms  DeleteObjects: 0.086000 ms)

========================================================================
Received Import Request.
  Time since last request: 1186.865959 seconds.
  path: Assets/Resources/Prefabs/Game.prefab
  artifactKey: Guid(1330b08e5e09ddd4ebaec32def8b1cdc) Importer(815301076,1909f56bfc062723c751e8b465ee728b)
Start importing Assets/Resources/Prefabs/Game.prefab using Guid(1330b08e5e09ddd4ebaec32def8b1cdc) Importer(815301076,1909f56bfc062723c751e8b465ee728b)  -> (artifact id: 'a9677d3e8b5f0912ed52f0ecfa9c71ca') in 0.488912 seconds
  Import took 0.505672 seconds .

========================================================================
Received Import Request.
  Time since last request: 8.846731 seconds.
  path: Assets/Resources/Prefabs/player.prefab
  artifactKey: Guid(2fcb08ec6a5728640bedbe713bc68916) Importer(815301076,1909f56bfc062723c751e8b465ee728b)
Start importing Assets/Resources/Prefabs/player.prefab using Guid(2fcb08ec6a5728640bedbe713bc68916) Importer(815301076,1909f56bfc062723c751e8b465ee728b)  -> (artifact id: '5a57a8b74b45c8f7a439df84d6e3d1fc') in 0.013942 seconds
  Import took 0.060852 seconds .

========================================================================
Received Import Request.
  Time since last request: 0.176731 seconds.
  path: Assets/Resources/Prefabs/player.prefab
  artifactKey: Guid(2fcb08ec6a5728640bedbe713bc68916) Importer(815301076,1909f56bfc062723c751e8b465ee728b)
Start importing Assets/Resources/Prefabs/player.prefab using Guid(2fcb08ec6a5728640bedbe713bc68916) Importer(815301076,1909f56bfc062723c751e8b465ee728b)  -> (artifact id: '5a57a8b74b45c8f7a439df84d6e3d1fc') in 0.013206 seconds
  Import took 0.015558 seconds .

========================================================================
Received Import Request.
  Time since last request: 422.266496 seconds.
  path: Assets/Scripts/Player.cs
  artifactKey: Guid(105ab34280f23ef4b83907113a2a1469) Importer(815301076,1909f56bfc062723c751e8b465ee728b)
Start importing Assets/Scripts/Player.cs using Guid(105ab34280f23ef4b83907113a2a1469) Importer(815301076,1909f56bfc062723c751e8b465ee728b)  -> (artifact id: '0be8fc7c4c60a4920cef99f255ec499d') in 0.005123 seconds
  Import took 0.021923 seconds .

========================================================================
Received Prepare
Registering precompiled user dll's ...
Registered in 0.000539 seconds.
Begin MonoManager ReloadAssembly
Native extension for WindowsStandalone target not found
Refreshing native plugins compatible for Editor in 0.34 ms, found 1 plugins.
Preloading 0 native plugins for Editor in 0.00 ms.
Invoked RoslynAnalysisRunner static constructor.
RoslynAnalysisRunner will not be running.
RoslynAnalysisRunner has terminated.
Mono: successfully reloaded assembly
- Completed reload, in  0.628 seconds
Platform modules already initialized, skipping
Refreshing native plugins compatible for Editor in 0.28 ms, found 1 plugins.
Preloading 0 native plugins for Editor in 0.00 ms.
Unloading 1792 Unused Serialized files (Serialized files now loaded: 0)
System memory in use before: 87.8 MB.
System memory in use after: 87.8 MB.

Unloading 14 unused Assets to reduce memory usage. Loaded Objects now: 2255.
Total: 1.777000 ms (FindLiveObjects: 0.151300 ms CreateObjectMapping: 0.050400 ms MarkObjects: 1.487900 ms  DeleteObjects: 0.086800 ms)

========================================================================
Received Import Request.
  Time since last request: 610.109622 seconds.
  path: Assets/Resources/Prefabs/Canvas.prefab
  artifactKey: Guid(f32f9b87a32751349ba4c6a10d5eeddf) Importer(815301076,1909f56bfc062723c751e8b465ee728b)
Start importing Assets/Resources/Prefabs/Canvas.prefab using Guid(f32f9b87a32751349ba4c6a10d5eeddf) Importer(815301076,1909f56bfc062723c751e8b465ee728b)  -> (artifact id: '05ff940087b8c7f7a88e2a59ff284d8e') in 0.034795 seconds
  Import took 0.059678 seconds .

========================================================================
Received Import Request.
  Time since last request: 0.093228 seconds.
  path: Assets/Resources/Prefabs/Canvas.prefab
  artifactKey: Guid(f32f9b87a32751349ba4c6a10d5eeddf) Importer(815301076,1909f56bfc062723c751e8b465ee728b)
Start importing Assets/Resources/Prefabs/Canvas.prefab using Guid(f32f9b87a32751349ba4c6a10d5eeddf) Importer(815301076,1909f56bfc062723c751e8b465ee728b)  -> (artifact id: '05ff940087b8c7f7a88e2a59ff284d8e') in 0.002627 seconds
  Import took 0.004981 seconds .

========================================================================
Received Import Request.
  Time since last request: 668.291022 seconds.
  path: Assets/Resources/Prefabs/GameOverPanel.prefab
  artifactKey: Guid(3c300d62b5fc0dd4c818434f66269566) Importer(815301076,1909f56bfc062723c751e8b465ee728b)
Start importing Assets/Resources/Prefabs/GameOverPanel.prefab using Guid(3c300d62b5fc0dd4c818434f66269566) Importer(815301076,1909f56bfc062723c751e8b465ee728b)  -> (artifact id: 'edd77bac5b976783500c635b528ba75a') in 0.007286 seconds
  Import took 0.010483 seconds .

========================================================================
Received Import Request.
  Time since last request: 0.007200 seconds.
  path: Assets/Resources/Prefabs/GameOverPanel.prefab
  artifactKey: Guid(3c300d62b5fc0dd4c818434f66269566) Importer(815301076,1909f56bfc062723c751e8b465ee728b)
Start importing Assets/Resources/Prefabs/GameOverPanel.prefab using Guid(3c300d62b5fc0dd4c818434f66269566) Importer(815301076,1909f56bfc062723c751e8b465ee728b)  -> (artifact id: 'edd77bac5b976783500c635b528ba75a') in 0.003485 seconds
  Import took 0.005913 seconds .

========================================================================
Received Prepare
Registering precompiled user dll's ...
Registered in 0.000542 seconds.
Begin MonoManager ReloadAssembly
Native extension for WindowsStandalone target not found
Refreshing native plugins compatible for Editor in 0.29 ms, found 1 plugins.
Preloading 0 native plugins for Editor in 0.00 ms.
Invoked RoslynAnalysisRunner static constructor.
RoslynAnalysisRunner will not be running.
RoslynAnalysisRunner has terminated.
Mono: successfully reloaded assembly
- Completed reload, in  0.606 seconds
Platform modules already initialized, skipping
Refreshing native plugins compatible for Editor in 0.28 ms, found 1 plugins.
Preloading 0 native plugins for Editor in 0.00 ms.
Unloading 1792 Unused Serialized files (Serialized files now loaded: 0)
System memory in use before: 87.9 MB.
System memory in use after: 87.9 MB.

Unloading 14 unused Assets to reduce memory usage. Loaded Objects now: 2258.
Total: 1.680100 ms (FindLiveObjects: 0.155500 ms CreateObjectMapping: 0.064700 ms MarkObjects: 1.361300 ms  DeleteObjects: 0.097900 ms)

========================================================================
Received Prepare
Registering precompiled user dll's ...
Registered in 0.000561 seconds.
Begin MonoManager ReloadAssembly
Native extension for WindowsStandalone target not found
Refreshing native plugins compatible for Editor in 0.31 ms, found 1 plugins.
Preloading 0 native plugins for Editor in 0.00 ms.
Invoked RoslynAnalysisRunner static constructor.
RoslynAnalysisRunner will not be running.
RoslynAnalysisRunner has terminated.
Mono: successfully reloaded assembly
- Completed reload, in  0.634 seconds
Platform modules already initialized, skipping
Refreshing native plugins compatible for Editor in 0.28 ms, found 1 plugins.
Preloading 0 native plugins for Editor in 0.00 ms.
Unloading 1792 Unused Serialized files (Serialized files now loaded: 0)
System memory in use before: 88.0 MB.
System memory in use after: 88.0 MB.

Unloading 12 unused Assets to reduce memory usage. Loaded Objects now: 2261.
Total: 1.710900 ms (FindLiveObjects: 0.189700 ms CreateObjectMapping: 0.079700 ms MarkObjects: 1.331600 ms  DeleteObjects: 0.109100 ms)

========================================================================
Received Prepare
Registering precompiled user dll's ...
Registered in 0.000573 seconds.
Begin MonoManager ReloadAssembly
Native extension for WindowsStandalone target not found
Refreshing native plugins compatible for Editor in 0.29 ms, found 1 plugins.
Preloading 0 native plugins for Editor in 0.00 ms.
Invoked RoslynAnalysisRunner static constructor.
RoslynAnalysisRunner will not be running.
RoslynAnalysisRunner has terminated.
Mono: successfully reloaded assembly
- Completed reload, in  0.595 seconds
Platform modules already initialized, skipping
Refreshing native plugins compatible for Editor in 0.28 ms, found 1 plugins.
Preloading 0 native plugins for Editor in 0.00 ms.
Unloading 1792 Unused Serialized files (Serialized files now loaded: 0)
System memory in use before: 88.1 MB.
System memory in use after: 88.1 MB.

Unloading 12 unused Assets to reduce memory usage. Loaded Objects now: 2264.
Total: 1.625800 ms (FindLiveObjects: 0.148600 ms CreateObjectMapping: 0.048200 ms MarkObjects: 1.348200 ms  DeleteObjects: 0.080000 ms)

========================================================================
Received Prepare
Registering precompiled user dll's ...
Registered in 0.000519 seconds.
Begin MonoManager ReloadAssembly
Native extension for WindowsStandalone target not found
Refreshing native plugins compatible for Editor in 0.30 ms, found 1 plugins.
Preloading 0 native plugins for Editor in 0.00 ms.
Invoked RoslynAnalysisRunner static constructor.
RoslynAnalysisRunner will not be running.
RoslynAnalysisRunner has terminated.
Mono: successfully reloaded assembly
- Completed reload, in  0.606 seconds
Platform modules already initialized, skipping
Refreshing native plugins compatible for Editor in 0.29 ms, found 1 plugins.
Preloading 0 native plugins for Editor in 0.00 ms.
Unloading 1792 Unused Serialized files (Serialized files now loaded: 0)
System memory in use before: 88.2 MB.
System memory in use after: 88.2 MB.

Unloading 12 unused Assets to reduce memory usage. Loaded Objects now: 2267.
Total: 1.642700 ms (FindLiveObjects: 0.180600 ms CreateObjectMapping: 0.076600 ms MarkObjects: 1.302500 ms  DeleteObjects: 0.082300 ms)

========================================================================
Received Prepare
Registering precompiled user dll's ...
Registered in 0.000513 seconds.
Begin MonoManager ReloadAssembly
Native extension for WindowsStandalone target not found
Refreshing native plugins compatible for Editor in 0.30 ms, found 1 plugins.
Preloading 0 native plugins for Editor in 0.00 ms.
Invoked RoslynAnalysisRunner static constructor.
RoslynAnalysisRunner will not be running.
RoslynAnalysisRunner has terminated.
Mono: successfully reloaded assembly
- Completed reload, in  0.618 seconds
Platform modules already initialized, skipping
Refreshing native plugins compatible for Editor in 0.33 ms, found 1 plugins.
Preloading 0 native plugins for Editor in 0.00 ms.
Unloading 1792 Unused Serialized files (Serialized files now loaded: 0)
System memory in use before: 88.2 MB.
System memory in use after: 88.2 MB.

Unloading 12 unused Assets to reduce memory usage. Loaded Objects now: 2270.
Total: 2.212900 ms (FindLiveObjects: 0.184900 ms CreateObjectMapping: 0.062500 ms MarkObjects: 1.847800 ms  DeleteObjects: 0.116400 ms)

========================================================================
Received Prepare
Registering precompiled user dll's ...
Registered in 0.000584 seconds.
Begin MonoManager ReloadAssembly
Native extension for WindowsStandalone target not found
Refreshing native plugins compatible for Editor in 0.28 ms, found 1 plugins.
Preloading 0 native plugins for Editor in 0.00 ms.
Invoked RoslynAnalysisRunner static constructor.
RoslynAnalysisRunner will not be running.
RoslynAnalysisRunner has terminated.
Mono: successfully reloaded assembly
- Completed reload, in  0.601 seconds
Platform modules already initialized, skipping
Refreshing native plugins compatible for Editor in 0.28 ms, found 1 plugins.
Preloading 0 native plugins for Editor in 0.00 ms.
Unloading 1792 Unused Serialized files (Serialized files now loaded: 0)
System memory in use before: 88.3 MB.
System memory in use after: 88.3 MB.

Unloading 12 unused Assets to reduce memory usage. Loaded Objects now: 2273.
Total: 1.629500 ms (FindLiveObjects: 0.168400 ms CreateObjectMapping: 0.055700 ms MarkObjects: 1.323600 ms  DeleteObjects: 0.080900 ms)

========================================================================
Received Prepare
Registering precompiled user dll's ...
Registered in 0.000474 seconds.
Begin MonoManager ReloadAssembly
Native extension for WindowsStandalone target not found
Refreshing native plugins compatible for Editor in 0.29 ms, found 1 plugins.
Preloading 0 native plugins for Editor in 0.00 ms.
Invoked RoslynAnalysisRunner static constructor.
RoslynAnalysisRunner will not be running.
RoslynAnalysisRunner has terminated.
Mono: successfully reloaded assembly
- Completed reload, in  0.594 seconds
Platform modules already initialized, skipping
Refreshing native plugins compatible for Editor in 0.27 ms, found 1 plugins.
Preloading 0 native plugins for Editor in 0.00 ms.
Unloading 1792 Unused Serialized files (Serialized files now loaded: 0)
System memory in use before: 88.4 MB.
System memory in use after: 88.4 MB.

Unloading 12 unused Assets to reduce memory usage. Loaded Objects now: 2276.
Total: 1.602100 ms (FindLiveObjects: 0.147300 ms CreateObjectMapping: 0.046900 ms MarkObjects: 1.322400 ms  DeleteObjects: 0.084800 ms)

AssetImportWorkerClient::OnTransportError - code=2 error=End of file
